<?xml version="1.0" encoding="UTF-8"?>
<testsuite xmlns:xsi="http://www.w3.org/2001/XMLSchema-instance" xsi:noNamespaceSchemaLocation="https://maven.apache.org/surefire/maven-surefire-plugin/xsd/surefire-test-report.xsd" name="fr.univtln.bruno.AppTest" time="0.052" tests="1" errors="0" skipped="0" failures="0">
  <properties>
    <property name="awt.toolkit" value="sun.awt.X11.XToolkit"/>
    <property name="jdk.extensions.version" value="11.0.6.1"/>
    <property name="java.specification.version" value="11"/>
    <property name="file.encoding.pkg" value="sun.io"/>
    <property name="sun.jnu.encoding" value="UTF-8"/>
    <property name="java.class.path" value="/notebooks/Java 1 - First steps/MyApp/target/test-classes:/notebooks/Java 1 - First steps/MyApp/target/classes:/var/maven/.m2/repository/junit/junit/4.11/junit-4.11.jar:/var/maven/.m2/repository/org/hamcrest/hamcrest-core/1.3/hamcrest-core-1.3.jar:"/>
    <property name="java.vm.vendor" value="Eclipse OpenJ9"/>
    <property name="com.ibm.vm.bitmode" value="64"/>
    <property name="sun.arch.data.model" value="64"/>
    <property name="user.variant" value=""/>
    <property name="com.ibm.oti.vm.library.version" value="29"/>
    <property name="java.vendor.url" value="http://www.eclipse.org/openj9"/>
    <property name="user.timezone" value=""/>
    <property name="os.name" value="Linux"/>
    <property name="java.vm.specification.version" value="11"/>
    <property name="user.country" value="US"/>
    <property name="sun.java.launcher" value="SUN_STANDARD"/>
    <property name="sun.boot.library.path" value="/opt/java/openjdk/lib/compressedrefs:/opt/java/openjdk/lib"/>
    <property name="sun.java.command" value="/notebooks/Java 1 - First steps/MyApp/target/surefire/surefirebooter17298354512332558376.jar /notebooks/Java 1 - First steps/MyApp/target/surefire 2020-03-24T16-12-58_976-jvmRun1 surefire377308973290208255tmp surefire_014169449415830618906tmp"/>
    <property name="surefire.test.class.path" value="/notebooks/Java 1 - First steps/MyApp/target/test-classes:/notebooks/Java 1 - First steps/MyApp/target/classes:/var/maven/.m2/repository/junit/junit/4.11/junit-4.11.jar:/var/maven/.m2/repository/org/hamcrest/hamcrest-core/1.3/hamcrest-core-1.3.jar:"/>
    <property name="sun.cpu.endian" value="little"/>
    <property name="user.home" value="/root"/>
    <property name="user.language" value="en"/>
    <property name="java.specification.vendor" value="Oracle Corporation"/>
    <property name="java.version.date" value="2020-01-14"/>
    <property name="java.home" value="/opt/java/openjdk"/>
    <property name="ibm.signalhandling.rs" value="false"/>
    <property name="jdk.extensions.name" value="Extensions for OpenJDK for Eclipse OpenJ9"/>
    <property name="basedir" value="/notebooks/Java 1 - First steps/MyApp"/>
    <property name="file.separator" value="/"/>
    <property name="line.separator" value="&#10;"/>
    <property name="java.vm.specification.vendor" value="Oracle Corporation"/>
    <property name="java.specification.name" value="Java Platform API Specification"/>
    <property name="java.compiler" value="j9jit29"/>
    <property name="sun.java.launcher.pid" value="3182"/>
    <property name="com.ibm.util.extralibs.properties" value=""/>
    <property name="java.awt.graphicsenv" value="sun.awt.X11GraphicsEnvironment"/>
    <property name="com.ibm.oti.configuration" value="scar"/>
    <property name="java.awt.fonts" value=""/>
    <property name="surefire.real.class.path" value="/notebooks/Java 1 - First steps/MyApp/target/surefire/surefirebooter17298354512332558376.jar"/>
    <property name="com.ibm.oti.shared.enabled" value="false"/>
    <property name="com.ibm.oti.vm.bootstrap.library.path" value="/opt/java/openjdk/lib/compressedrefs:/opt/java/openjdk/lib"/>
    <property name="com.ibm.cpu.endian" value="little"/>
    <property name="java.fullversion" value="11.0.6+10&#10;JRE 11 Linux amd64-64-Bit Compressed References 20200122_441 (JIT enabled, AOT enabled)&#10;OpenJ9   - 51a5857d2&#10;OMR      - 7a1b0239a&#10;JCL      - da35e0c380 based on jdk-11.0.6+10"/>
    <property name="java.runtime.version" value="11.0.6+10"/>
    <property name="user.name" value="root"/>
    <property name="path.separator" value=":"/>
    <property name="os.version" value="5.5.8-200.fc31.x86_64"/>
    <property name="java.runtime.name" value="OpenJDK Runtime Environment"/>
    <property name="ibm.signalhandling.sigint" value="true"/>
    <property name="file.encoding" value="UTF-8"/>
    <property name="java.vm.name" value="Eclipse OpenJ9 VM"/>
    <property name="java.vendor.version" value="AdoptOpenJDK"/>
    <property name="ibm.signalhandling.sigchain" value="true"/>
    <property name="localRepository" value="/var/maven/.m2/repository"/>
    <property name="java.io.tmpdir" value="/tmp"/>
    <property name="java.version" value="11.0.6"/>
    <property name="user.dir" value="/notebooks/Java 1 - First steps/MyApp"/>
    <property name="com.ibm.system.agent.path" value="/opt/java/openjdk/lib"/>
    <property name="os.arch" value="amd64"/>
    <property name="java.vm.specification.name" value="Java Virtual Machine Specification"/>
    <property name="java.awt.printerjob" value="sun.print.PSPrinterJob"/>
    <property name="os.encoding" value="UTF-8"/>
    <property name="java.library.path" value="/opt/java/openjdk/lib/compressedrefs:/opt/java/openjdk/lib:/usr/lib64:/usr/lib"/>
    <property name="java.vm.info" value="JRE 11 Linux amd64-64-Bit Compressed References 20200122_441 (JIT enabled, AOT enabled)&#10;OpenJ9   - 51a5857d2&#10;OMR      - 7a1b0239a&#10;JCL      - da35e0c380 based on jdk-11.0.6+10"/>
    <property name="java.vendor" value="Eclipse OpenJ9"/>
    <property name="java.vm.version" value="openj9-0.18.1"/>
    <property name="ibm.system.encoding" value="UTF-8"/>
    <property name="com.ibm.jcl.checkClassPath" value=""/>
    <property name="sun.io.unicode.encoding" value="UnicodeLittle"/>
    <property name="java.class.version" value="55.0"/>
  </properties>
  <testcase name="shouldAnswerWithTrue" classname="fr.univtln.bruno.AppTest" time="0.002"/>
</testsuite>